2020-04-17 02:11:02,500 DEBUG    root            No implementation for release track [GA] for element: [/usr/lib/google-cloud-sdk/lib/surface/web_security_scanner]
2020-04-17 02:11:02,534 DEBUG    root            Loaded Command Group: [u'gcloud', u'info']
2020-04-17 02:11:02,536 DEBUG    root            No implementation for release track [GA] for element: [/usr/lib/google-cloud-sdk/lib/surface/code]
2020-04-17 02:11:02,539 DEBUG    root            Loaded Command Group: [u'gcloud', u'feedback']
2020-04-17 02:11:02,542 DEBUG    root            No implementation for release track [GA] for element: [/usr/lib/google-cloud-sdk/lib/surface/storage]
2020-04-17 02:11:02,544 DEBUG    root            Loaded Command Group: [u'gcloud', u'app']
2020-04-17 02:11:02,562 DEBUG    root            No implementation for release track [GA] for element: [/usr/lib/google-cloud-sdk/lib/surface/scc]
2020-04-17 02:11:02,563 DEBUG    root            Loaded Command Group: [u'gcloud', u'tasks']
2020-04-17 02:11:02,566 DEBUG    root            No implementation for release track [GA] for element: [/usr/lib/google-cloud-sdk/lib/surface/data_catalog]
2020-04-17 02:11:02,572 DEBUG    root            Loaded Command Group: [u'gcloud', u'composer']
2020-04-17 02:11:02,675 DEBUG    root            Loaded Command Group: [u'gcloud', u'ai_platform']
2020-04-17 02:11:02,681 DEBUG    root            Loaded Command Group: [u'gcloud', u'iam']
2020-04-17 02:11:02,685 DEBUG    root            No implementation for release track [GA] for element: [/usr/lib/google-cloud-sdk/lib/surface/anthos]
2020-04-17 02:11:02,686 DEBUG    root            No implementation for release track [GA] for element: [/usr/lib/google-cloud-sdk/lib/surface/billing]
2020-04-17 02:11:02,687 DEBUG    root            No implementation for release track [GA] for element: [/usr/lib/google-cloud-sdk/lib/surface/artifacts]
2020-04-17 02:11:02,688 DEBUG    root            No implementation for release track [GA] for element: [/usr/lib/google-cloud-sdk/lib/surface/notebooks]
2020-04-17 02:11:02,702 DEBUG    root            Loaded Command Group: [u'gcloud', u'help']
2020-04-17 02:11:02,736 DEBUG    root            Loaded Command Group: [u'gcloud', u'init']
2020-04-17 02:11:02,741 DEBUG    root            Loaded Command Group: [u'gcloud', u'source']
2020-04-17 02:11:02,755 DEBUG    root            No implementation for release track [GA] for element: [/usr/lib/google-cloud-sdk/lib/surface/network_management]
2020-04-17 02:11:02,756 DEBUG    root            Loaded Command Group: [u'gcloud', u'version']
2020-04-17 02:11:02,758 DEBUG    root            Loaded Command Group: [u'gcloud', u'asset']
2020-04-17 02:11:02,769 DEBUG    root            Loaded Command Group: [u'gcloud', u'dns']
2020-04-17 02:11:02,778 DEBUG    root            No implementation for release track [GA] for element: [/usr/lib/google-cloud-sdk/lib/surface/lifesciences]
2020-04-17 02:11:02,781 DEBUG    root            Loaded Command Group: [u'gcloud', u'iap']
2020-04-17 02:11:02,785 DEBUG    root            No implementation for release track [GA] for element: [/usr/lib/google-cloud-sdk/lib/surface/resources]
2020-04-17 02:11:02,786 DEBUG    root            Loaded Command Group: [u'gcloud', u'pubsub']
2020-04-17 02:11:02,797 DEBUG    root            No implementation for release track [GA] for element: [/usr/lib/google-cloud-sdk/lib/surface/api_gateway]
2020-04-17 02:11:02,802 DEBUG    root            Loaded Command Group: [u'gcloud', u'policy_troubleshoot']
2020-04-17 02:11:02,804 DEBUG    root            No implementation for release track [GA] for element: [/usr/lib/google-cloud-sdk/lib/surface/recaptcha]
2020-04-17 02:11:02,809 DEBUG    root            No implementation for release track [GA] for element: [/usr/lib/google-cloud-sdk/lib/surface/emulators]
2020-04-17 02:11:02,815 DEBUG    root            Loaded Command Group: [u'gcloud', u'auth']
2020-04-17 02:11:02,818 DEBUG    root            No implementation for release track [GA] for element: [/usr/lib/google-cloud-sdk/lib/surface/search_help]
2020-04-17 02:11:02,819 DEBUG    root            No implementation for release track [GA] for element: [/usr/lib/google-cloud-sdk/lib/surface/game]
2020-04-17 02:11:02,822 DEBUG    root            Loaded Command Group: [u'gcloud', u'scheduler']
2020-04-17 02:11:02,824 DEBUG    root            No implementation for release track [GA] for element: [/usr/lib/google-cloud-sdk/lib/surface/workflows]
2020-04-17 02:11:02,825 DEBUG    root            Loaded Command Group: [u'gcloud', u'spanner']
2020-04-17 02:11:02,830 DEBUG    root            Loaded Command Group: [u'gcloud', u'projects']
2020-04-17 02:11:02,832 DEBUG    root            Loaded Command Group: [u'gcloud', u'resource_manager']
2020-04-17 02:11:02,836 DEBUG    root            Loaded Command Group: [u'gcloud', u'organizations']
2020-04-17 02:11:03,037 DEBUG    root            Loaded Command Group: [u'gcloud', u'compute']
2020-04-17 02:11:03,080 DEBUG    root            Loaded Command Group: [u'gcloud', u'builds']
2020-04-17 02:11:03,084 DEBUG    root            Loaded Command Group: [u'gcloud', u'dataflow']
2020-04-17 02:11:03,090 DEBUG    root            Loaded Command Group: [u'gcloud', u'ml']
2020-04-17 02:11:03,094 DEBUG    root            No implementation for release track [GA] for element: [/usr/lib/google-cloud-sdk/lib/surface/org_policies]
2020-04-17 02:11:03,095 DEBUG    root            Loaded Command Group: [u'gcloud', u'active_directory']
2020-04-17 02:11:03,098 DEBUG    root            No implementation for release track [GA] for element: [/usr/lib/google-cloud-sdk/lib/surface/access_approval]
2020-04-17 02:11:03,099 DEBUG    root            No implementation for release track [GA] for element: [/usr/lib/google-cloud-sdk/lib/surface/error_reporting]
2020-04-17 02:11:03,124 DEBUG    root            Loaded Command Group: [u'gcloud', u'debug']
2020-04-17 02:11:03,140 DEBUG    root            No implementation for release track [GA] for element: [/usr/lib/google-cloud-sdk/lib/surface/data_fusion]
2020-04-17 02:11:03,144 DEBUG    root            Loaded Command Group: [u'gcloud', u'endpoints']
2020-04-17 02:11:03,153 DEBUG    root            Loaded Command Group: [u'gcloud', u'deployment_manager']
2020-04-17 02:11:03,158 DEBUG    root            No implementation for release track [GA] for element: [/usr/lib/google-cloud-sdk/lib/surface/monitoring]
2020-04-17 02:11:03,160 DEBUG    root            Loaded Command Group: [u'gcloud', u'topic']
2020-04-17 02:11:03,165 DEBUG    root            No implementation for release track [GA] for element: [/usr/lib/google-cloud-sdk/lib/surface/healthcare]
2020-04-17 02:11:03,172 DEBUG    root            Loaded Command Group: [u'gcloud', u'meta']
2020-04-17 02:11:03,187 DEBUG    root            No implementation for release track [GA] for element: [/usr/lib/google-cloud-sdk/lib/surface/service_directory]
2020-04-17 02:11:03,317 DEBUG    root            No implementation for release track [GA] for element: [/usr/lib/google-cloud-sdk/lib/surface/events]
2020-04-17 02:11:03,319 DEBUG    root            Loaded Command Group: [u'gcloud', u'datastore']
2020-04-17 02:11:03,349 DEBUG    root            Loaded Command Group: [u'gcloud', u'functions']
2020-04-17 02:11:03,358 DEBUG    root            Loaded Command Group: [u'gcloud', u'container']
2020-04-17 02:11:03,365 DEBUG    root            No implementation for release track [GA] for element: [/usr/lib/google-cloud-sdk/lib/surface/build_artifacts]
2020-04-17 02:11:03,366 DEBUG    root            Loaded Command Group: [u'gcloud', u'redis']
2020-04-17 02:11:03,371 DEBUG    root            Loaded Command Group: [u'gcloud', u'dataproc']
2020-04-17 02:11:03,386 DEBUG    root            No implementation for release track [GA] for element: [/usr/lib/google-cloud-sdk/lib/surface/dialogflow]
2020-04-17 02:11:03,387 DEBUG    root            No implementation for release track [GA] for element: [/usr/lib/google-cloud-sdk/lib/surface/dlp]
2020-04-17 02:11:03,388 DEBUG    root            Loaded Command Group: [u'gcloud', u'kms']
2020-04-17 02:11:03,395 DEBUG    root            Loaded Command Group: [u'gcloud', u'config']
2020-04-17 02:11:03,403 DEBUG    root            Loaded Command Group: [u'gcloud', u'access_context_manager']
2020-04-17 02:11:03,413 DEBUG    root            No implementation for release track [GA] for element: [/usr/lib/google-cloud-sdk/lib/surface/cloud_shell]
2020-04-17 02:11:03,417 DEBUG    root            No implementation for release track [GA] for element: [/usr/lib/google-cloud-sdk/lib/surface/privateca]
2020-04-17 02:11:03,418 DEBUG    root            Loaded Command Group: [u'gcloud', u'run']
2020-04-17 02:11:03,426 DEBUG    root            No implementation for release track [GA] for element: [/usr/lib/google-cloud-sdk/lib/surface/trace]
2020-04-17 02:11:03,427 DEBUG    root            No implementation for release track [GA] for element: [/usr/lib/google-cloud-sdk/lib/surface/genomics]
2020-04-17 02:11:03,430 DEBUG    root            No implementation for release track [GA] for element: [/usr/lib/google-cloud-sdk/lib/surface/labelmanager]
2020-04-17 02:11:03,431 DEBUG    root            Loaded Command Group: [u'gcloud', u'ml_engine']
2020-04-17 02:11:03,433 DEBUG    root            Loaded Command Group: [u'gcloud', u'iot']
2020-04-17 02:11:03,437 DEBUG    root            Loaded Command Group: [u'gcloud', u'firebase']
2020-04-17 02:11:03,440 DEBUG    root            Loaded Command Group: [u'gcloud', u'filestore']
2020-04-17 02:11:03,446 DEBUG    root            No implementation for release track [GA] for element: [/usr/lib/google-cloud-sdk/lib/surface/bq]
2020-04-17 02:11:03,447 DEBUG    root            Loaded Command Group: [u'gcloud', u'sql']
2020-04-17 02:11:03,455 DEBUG    root            Loaded Command Group: [u'gcloud', u'services']
2020-04-17 02:11:03,459 DEBUG    root            Loaded Command Group: [u'gcloud', u'recommender']
2020-04-17 02:11:03,462 DEBUG    root            Loaded Command Group: [u'gcloud', u'bigtable']
2020-04-17 02:11:03,467 DEBUG    root            Loaded Command Group: [u'gcloud', u'logging']
2020-04-17 02:11:03,474 DEBUG    root            Loaded Command Group: [u'gcloud', u'service_management']
2020-04-17 02:11:03,486 DEBUG    root            Loaded Command Group: [u'gcloud', u'secrets']
2020-04-17 02:11:03,489 DEBUG    root            No implementation for release track [GA] for element: [/usr/lib/google-cloud-sdk/lib/surface/remote_build_execution]
2020-04-17 02:11:03,491 DEBUG    root            No implementation for release track [GA] for element: [/usr/lib/google-cloud-sdk/lib/surface/runtime_config]
2020-04-17 02:11:03,508 DEBUG    root            Loaded Command Group: [u'gcloud', u'survey']
2020-04-17 02:11:03,510 DEBUG    root            Loaded Command Group: [u'gcloud', u'components']
2020-04-17 02:11:03,519 DEBUG    root            No implementation for release track [GA] for element: [/usr/lib/google-cloud-sdk/lib/surface/identity]
2020-04-17 02:11:03,526 DEBUG    root            Loaded Command Group: [u'gcloud', u'domains']
2020-04-17 02:11:03,553 DEBUG    root            Loaded Command Group: [u'gcloud', u'docker']
2020-04-17 02:11:03,890 DEBUG    root            No implementation for release track [GA] for element: [/usr/lib/google-cloud-sdk/lib/surface/interactive]
2020-04-17 02:11:03,891 DEBUG    root            Loaded Command Group: [u'gcloud', u'firestore']
2020-04-17 02:11:03,903 ERROR    root            (gcloud) Invalid choice: 'firewall-rules'.
